c:\dropbox\oil master\oil master\debug\vc120.pdb
c:\dropbox\oil master\oil master\debug\vc120.idb
c:\dropbox\oil master\oil master\debug\collider.obj
c:\dropbox\oil master\oil master\debug\extradata.obj
c:\dropbox\oil master\oil master\debug\function.obj
c:\dropbox\oil master\oil master\debug\globalvar.obj
c:\dropbox\oil master\oil master\debug\idmanager.obj
c:\dropbox\oil master\oil master\debug\input.obj
c:\dropbox\oil master\oil master\debug\random.obj
c:\dropbox\oil master\oil master\debug\root.obj
c:\dropbox\oil master\oil master\debug\scene.obj
c:\dropbox\oil master\oil master\debug\timeline.obj
c:\dropbox\oil master\oil master\debug\timer.obj
c:\dropbox\oil master\oil master\debug\animationmanager.obj
c:\dropbox\oil master\oil master\debug\areaselectmenu.obj
c:\dropbox\oil master\oil master\debug\progressbar.obj
c:\dropbox\oil master\oil master\debug\application.obj
c:\dropbox\oil master\oil master\debug\minecar.obj
c:\dropbox\oil master\oil master\debug\object.obj
c:\dropbox\oil master\oil master\debug\mine.obj
c:\dropbox\oil master\oil master\debug\resourcemanager.obj
c:\dropbox\oil master\oil master\debug\main.obj
c:\dropbox\oil master\oil master\debug\minecart.obj
c:\dropbox\oil master\oil master\debug\fadeout.obj
c:\dropbox\oil master\oil master\debug\minescene.obj
c:\dropbox\oil master\oil master\debug\miner.obj
c:\dropbox\oil master\oil master\debug\minerselect.obj
c:\dropbox\oil master\oil master\debug\mineentry.obj
c:\dropbox\oil master\oil master\debug\objectform.obj
c:\dropbox\oil master\oil master\debug\endminescene.obj
c:\dropbox\oil master\oil master\debug\gamemoney.obj
c:\dropbox\oil master\oil master\debug\endgamescene.obj
c:\dropbox\oil master\oil master\debug\gamescene.obj
c:\dropbox\oil master\oil master\debug\ingameminer.obj
c:\dropbox\oil master\oil master\debug\progress.obj
c:\dropbox\oil master\oil master\debug\fadein.obj
c:\dropbox\oil master\oil master\debug\mainmenu.obj
c:\dropbox\oil master\oil master\debug\title.obj
c:\dropbox\oil master\debug\oil master.ilk
c:\dropbox\oil master\debug\oil master.exe
c:\dropbox\oil master\debug\oil master.pdb
c:\dropbox\oil master\oil master\debug\application (a ketchup와(과) 충돌하는 사본 2014-10-24).obj
c:\dropbox\oil master\oil master\debug\application (bitmap games와(과) 충돌하는 사본 2014-10-25).obj
c:\dropbox\oil master\oil master\debug\applicationconfig (a ketchup와(과) 충돌하는 사본 2014-10-24).obj
c:\dropbox\oil master\oil master\debug\applicationconfig.obj
c:\dropbox\oil master\oil master\debug\areaselect (a ketchup와(과) 충돌하는 사본 2014-10-24 (1)).obj
c:\dropbox\oil master\oil master\debug\areaselect (a ketchup와(과) 충돌하는 사본 2014-10-24).obj
c:\dropbox\oil master\oil master\debug\areaselectmenu (bitmap games와(과) 충돌하는 사본 2014-10-24).obj
c:\dropbox\oil master\oil master\debug\areaselectmenu (bitmap games와(과) 충돌하는 사본 2014-10-25).obj
c:\dropbox\oil master\oil master\debug\bgm (bitmap games와(과) 충돌하는 사본 2014-10-24).obj
c:\dropbox\oil master\oil master\debug\bgm.obj
c:\dropbox\oil master\oil master\debug\collider (bitmap games와(과) 충돌하는 사본 2014-10-24).obj
c:\dropbox\oil master\oil master\debug\collider (bitmap games와(과) 충돌하는 사본 2014-10-25).obj
c:\dropbox\oil master\oil master\debug\endgamescene (bitmap games와(과) 충돌하는 사본 2014-10-26 (1)).obj
c:\dropbox\oil master\oil master\debug\endgamescene (bitmap games와(과) 충돌하는 사본 2014-10-26).obj
c:\dropbox\oil master\oil master\debug\endminescene (bitmap games와(과) 충돌하는 사본 2014-10-26).obj
c:\dropbox\oil master\oil master\debug\extradata (bitmap games와(과) 충돌하는 사본 2014-10-24).obj
c:\dropbox\oil master\oil master\debug\fadein (bitmap games와(과) 충돌하는 사본 2014-10-26).obj
c:\dropbox\oil master\oil master\debug\fadeout (bitmap games와(과) 충돌하는 사본 2014-10-26).obj
c:\dropbox\oil master\oil master\debug\function (bitmap games와(과) 충돌하는 사본 2014-10-24).obj
c:\dropbox\oil master\oil master\debug\gamemoney (bitmap games와(과) 충돌하는 사본 2014-10-25).obj
c:\dropbox\oil master\oil master\debug\gamemoney (bitmap games와(과) 충돌하는 사본 2014-10-26 (1)).obj
c:\dropbox\oil master\oil master\debug\gamemoney (bitmap games와(과) 충돌하는 사본 2014-10-26).obj
c:\dropbox\oil master\oil master\debug\gamescene (bitmap games와(과) 충돌하는 사본 2014-10-26 (1)).obj
c:\dropbox\oil master\oil master\debug\gamescene (bitmap games와(과) 충돌하는 사본 2014-10-26).obj
c:\dropbox\oil master\oil master\debug\globalvar (bitmap games와(과) 충돌하는 사본 2014-10-24).obj
c:\dropbox\oil master\oil master\debug\idmanager (bitmap games와(과) 충돌하는 사본 2014-10-24 (1)).obj
c:\dropbox\oil master\oil master\debug\idmanager (bitmap games와(과) 충돌하는 사본 2014-10-24).obj
c:\dropbox\oil master\oil master\debug\ingameminer (bitmap games와(과) 충돌하는 사본 2014-10-26 (1)).obj
c:\dropbox\oil master\oil master\debug\ingameminer (bitmap games와(과) 충돌하는 사본 2014-10-26).obj
c:\dropbox\oil master\oil master\debug\ingamemoney.obj
c:\dropbox\oil master\oil master\debug\input (bitmap games와(과) 충돌하는 사본 2014-10-24 (1)).obj
c:\dropbox\oil master\oil master\debug\input (bitmap games와(과) 충돌하는 사본 2014-10-24).obj
c:\dropbox\oil master\oil master\debug\label (bitmap games와(과) 충돌하는 사본 2014-10-24).obj
c:\dropbox\oil master\oil master\debug\label.obj
c:\dropbox\oil master\oil master\debug\main (bitmap games와(과) 충돌하는 사본 2014-10-24).obj
c:\dropbox\oil master\oil master\debug\main (bitmap games와(과) 충돌하는 사본 2014-10-25).obj
c:\dropbox\oil master\oil master\debug\main (bitmap games와(과) 충돌하는 사본 2014-10-26).obj
c:\dropbox\oil master\oil master\debug\mainmenu (bitmap games와(과) 충돌하는 사본 2014-10-24).obj
c:\dropbox\oil master\oil master\debug\mainmenu (bitmap games와(과) 충돌하는 사본 2014-10-25).obj
c:\dropbox\oil master\oil master\debug\mainmenu (bitmap games와(과) 충돌하는 사본 2014-10-26).obj
c:\dropbox\oil master\oil master\debug\minecart (bitmap games와(과) 충돌하는 사본 2014-10-25).obj
c:\dropbox\oil master\oil master\debug\mineentry (bitmap games와(과) 충돌하는 사본 2014-10-26 (1)).obj
c:\dropbox\oil master\oil master\debug\mineentry (bitmap games와(과) 충돌하는 사본 2014-10-26).obj
c:\dropbox\oil master\oil master\debug\miner (bitmap games와(과) 충돌하는 사본 2014-10-25 (1)).obj
c:\dropbox\oil master\oil master\debug\miner (bitmap games와(과) 충돌하는 사본 2014-10-25).obj
c:\dropbox\oil master\oil master\debug\miner (bitmap games와(과) 충돌하는 사본 2014-10-26).obj
c:\dropbox\oil master\oil master\debug\minerselect (bitmap games와(과) 충돌하는 사본 2014-10-25 (1)).obj
c:\dropbox\oil master\oil master\debug\minerselect (bitmap games와(과) 충돌하는 사본 2014-10-25).obj
c:\dropbox\oil master\oil master\debug\minerselect (bitmap games와(과) 충돌하는 사본 2014-10-26).obj
c:\dropbox\oil master\oil master\debug\minescene (bitmap games와(과) 충돌하는 사본 2014-10-25).obj
c:\dropbox\oil master\oil master\debug\minescene (bitmap games와(과) 충돌하는 사본 2014-10-26 (1)).obj
c:\dropbox\oil master\oil master\debug\minescene (bitmap games와(과) 충돌하는 사본 2014-10-26).obj
c:\dropbox\oil master\oil master\debug\object (bitmap games와(과) 충돌하는 사본 2014-10-24).obj
c:\dropbox\oil master\oil master\debug\object (bitmap games와(과) 충돌하는 사본 2014-10-25).obj
c:\dropbox\oil master\oil master\debug\progress (a ketchup와(과) 충돌하는 사본 2014-10-25 (1)).obj
c:\dropbox\oil master\oil master\debug\progress (a ketchup와(과) 충돌하는 사본 2014-10-25 (2)).obj
c:\dropbox\oil master\oil master\debug\progress (a ketchup와(과) 충돌하는 사본 2014-10-25).obj
c:\dropbox\oil master\oil master\debug\progress (a ketchup와(과) 충돌하는 사본 2014-10-26).obj
c:\dropbox\oil master\oil master\debug\progress (bitmap games와(과) 충돌하는 사본 2014-10-26 (1)).obj
c:\dropbox\oil master\oil master\debug\progress (bitmap games와(과) 충돌하는 사본 2014-10-26 (2)).obj
c:\dropbox\oil master\oil master\debug\progress (bitmap games와(과) 충돌하는 사본 2014-10-26 (3)).obj
c:\dropbox\oil master\oil master\debug\progress (bitmap games와(과) 충돌하는 사본 2014-10-26).obj
c:\dropbox\oil master\oil master\debug\progressbar (bitmap games와(과) 충돌하는 사본 2014-10-25).obj
c:\dropbox\oil master\oil master\debug\random (bitmap games와(과) 충돌하는 사본 2014-10-24 (1)).obj
c:\dropbox\oil master\oil master\debug\random (bitmap games와(과) 충돌하는 사본 2014-10-24).obj
c:\dropbox\oil master\oil master\debug\resourcemanager (bitmap games와(과) 충돌하는 사본 2014-10-24).obj
c:\dropbox\oil master\oil master\debug\root (bitmap games와(과) 충돌하는 사본 2014-10-24 (1)).obj
c:\dropbox\oil master\oil master\debug\root (bitmap games와(과) 충돌하는 사본 2014-10-24).obj
c:\dropbox\oil master\oil master\debug\scene (bitmap games와(과) 충돌하는 사본 2014-10-24 (1)).obj
c:\dropbox\oil master\oil master\debug\scene (bitmap games와(과) 충돌하는 사본 2014-10-24).obj
c:\dropbox\oil master\oil master\debug\scene (bitmap games와(과) 충돌하는 사본 2014-10-25).obj
c:\dropbox\oil master\oil master\debug\se (bitmap games와(과) 충돌하는 사본 2014-10-24).obj
c:\dropbox\oil master\oil master\debug\se.obj
c:\dropbox\oil master\oil master\debug\soundengine (bitmap games와(과) 충돌하는 사본 2014-10-24).obj
c:\dropbox\oil master\oil master\debug\soundengine.obj
c:\dropbox\oil master\oil master\debug\timeline (bitmap games와(과) 충돌하는 사본 2014-10-24 (1)).obj
c:\dropbox\oil master\oil master\debug\timeline (bitmap games와(과) 충돌하는 사본 2014-10-24).obj
c:\dropbox\oil master\oil master\debug\timeline (bitmap games와(과) 충돌하는 사본 2014-10-25).obj
c:\dropbox\oil master\oil master\debug\timer (bitmap games와(과) 충돌하는 사본 2014-10-24 (1)).obj
c:\dropbox\oil master\oil master\debug\timer (bitmap games와(과) 충돌하는 사본 2014-10-24).obj
c:\dropbox\oil master\oil master\debug\timer (bitmap games와(과) 충돌하는 사본 2014-10-25).obj
c:\dropbox\oil master\oil master\debug\title (a ketchup와(과) 충돌하는 사본 2014-10-24).obj
c:\dropbox\oil master\oil master\debug\title (bitmap games와(과) 충돌하는 사본 2014-10-24 (1)).obj
c:\dropbox\oil master\oil master\debug\title (bitmap games와(과) 충돌하는 사본 2014-10-24).obj
c:\dropbox\oil master\oil master\debug\title (bitmap games와(과) 충돌하는 사본 2014-10-25).obj
c:\dropbox\oil master\oil master\debug\title (bitmap games와(과) 충돌하는 사본 2014-10-26).obj
c:\dropbox\oil master\oil master\debug\vc120 (a ketchup와(과) 충돌하는 사본 2014-10-24 (1)).idb
c:\dropbox\oil master\oil master\debug\vc120 (a ketchup와(과) 충돌하는 사본 2014-10-24 (2)).idb
c:\dropbox\oil master\oil master\debug\vc120 (a ketchup와(과) 충돌하는 사본 2014-10-24).idb
c:\dropbox\oil master\oil master\debug\vc120 (a ketchup와(과) 충돌하는 사본 2014-10-25 (1)).idb
c:\dropbox\oil master\oil master\debug\vc120 (a ketchup와(과) 충돌하는 사본 2014-10-25 (2)).idb
c:\dropbox\oil master\oil master\debug\vc120 (a ketchup와(과) 충돌하는 사본 2014-10-25).idb
c:\dropbox\oil master\oil master\debug\vc120 (a ketchup와(과) 충돌하는 사본 2014-10-26).idb
c:\dropbox\oil master\oil master\debug\vc120 (bitmap games와(과) 충돌하는 사본 2014-10-24 (1)).idb
c:\dropbox\oil master\oil master\debug\vc120 (bitmap games와(과) 충돌하는 사본 2014-10-24 (2)).idb
c:\dropbox\oil master\oil master\debug\vc120 (bitmap games와(과) 충돌하는 사본 2014-10-24).idb
c:\dropbox\oil master\oil master\debug\vc120 (bitmap games와(과) 충돌하는 사본 2014-10-25 (1)).idb
c:\dropbox\oil master\oil master\debug\vc120 (bitmap games와(과) 충돌하는 사본 2014-10-25 (2)).idb
c:\dropbox\oil master\oil master\debug\vc120 (bitmap games와(과) 충돌하는 사본 2014-10-25 (3)).idb
c:\dropbox\oil master\oil master\debug\vc120 (bitmap games와(과) 충돌하는 사본 2014-10-25 (4)).idb
c:\dropbox\oil master\oil master\debug\vc120 (bitmap games와(과) 충돌하는 사본 2014-10-25).idb
c:\dropbox\oil master\oil master\debug\vc120 (bitmap games와(과) 충돌하는 사본 2014-10-26 (1)).idb
c:\dropbox\oil master\oil master\debug\vc120 (bitmap games와(과) 충돌하는 사본 2014-10-26 (2)).idb
c:\dropbox\oil master\oil master\debug\vc120 (bitmap games와(과) 충돌하는 사본 2014-10-26 (3)).idb
c:\dropbox\oil master\oil master\debug\vc120 (bitmap games와(과) 충돌하는 사본 2014-10-26 (4)).idb
c:\dropbox\oil master\oil master\debug\vc120 (bitmap games와(과) 충돌하는 사본 2014-10-26).idb
c:\dropbox\oil master\oil master\debug\vc120 (a ketchup와(과) 충돌하는 사본 2014-10-24 (1)).pdb
c:\dropbox\oil master\oil master\debug\vc120 (a ketchup와(과) 충돌하는 사본 2014-10-24 (2)).pdb
c:\dropbox\oil master\oil master\debug\vc120 (a ketchup와(과) 충돌하는 사본 2014-10-24).pdb
c:\dropbox\oil master\oil master\debug\vc120 (a ketchup와(과) 충돌하는 사본 2014-10-25 (1)).pdb
c:\dropbox\oil master\oil master\debug\vc120 (a ketchup와(과) 충돌하는 사본 2014-10-25 (2)).pdb
c:\dropbox\oil master\oil master\debug\vc120 (a ketchup와(과) 충돌하는 사본 2014-10-25).pdb
c:\dropbox\oil master\oil master\debug\vc120 (a ketchup와(과) 충돌하는 사본 2014-10-26).pdb
c:\dropbox\oil master\oil master\debug\vc120 (bitmap games와(과) 충돌하는 사본 2014-10-24 (1)).pdb
c:\dropbox\oil master\oil master\debug\vc120 (bitmap games와(과) 충돌하는 사본 2014-10-24 (2)).pdb
c:\dropbox\oil master\oil master\debug\vc120 (bitmap games와(과) 충돌하는 사본 2014-10-24).pdb
c:\dropbox\oil master\oil master\debug\vc120 (bitmap games와(과) 충돌하는 사본 2014-10-25 (1)).pdb
c:\dropbox\oil master\oil master\debug\vc120 (bitmap games와(과) 충돌하는 사본 2014-10-25 (2)).pdb
c:\dropbox\oil master\oil master\debug\vc120 (bitmap games와(과) 충돌하는 사본 2014-10-25 (3)).pdb
c:\dropbox\oil master\oil master\debug\vc120 (bitmap games와(과) 충돌하는 사본 2014-10-25 (4)).pdb
c:\dropbox\oil master\oil master\debug\vc120 (bitmap games와(과) 충돌하는 사본 2014-10-25).pdb
c:\dropbox\oil master\oil master\debug\vc120 (bitmap games와(과) 충돌하는 사본 2014-10-26 (1)).pdb
c:\dropbox\oil master\oil master\debug\vc120 (bitmap games와(과) 충돌하는 사본 2014-10-26 (2)).pdb
c:\dropbox\oil master\oil master\debug\vc120 (bitmap games와(과) 충돌하는 사본 2014-10-26 (3)).pdb
c:\dropbox\oil master\oil master\debug\vc120 (bitmap games와(과) 충돌하는 사본 2014-10-26 (4)).pdb
c:\dropbox\oil master\oil master\debug\vc120 (bitmap games와(과) 충돌하는 사본 2014-10-26).pdb
c:\dropbox\oil master\oil master\debug\oil master.tlog\cl.command.1 (a ketchup와(과) 충돌하는 사본 2014-10-24).tlog
c:\dropbox\oil master\oil master\debug\oil master.tlog\cl.command.1.tlog
c:\dropbox\oil master\oil master\debug\oil master.tlog\cl.read.1 (a ketchup와(과) 충돌하는 사본 2014-10-24 (1)).tlog
c:\dropbox\oil master\oil master\debug\oil master.tlog\cl.read.1 (a ketchup와(과) 충돌하는 사본 2014-10-24).tlog
c:\dropbox\oil master\oil master\debug\oil master.tlog\cl.read.1 (bitmap games와(과) 충돌하는 사본 2014-10-24).tlog
c:\dropbox\oil master\oil master\debug\oil master.tlog\cl.read.1 (bitmap games와(과) 충돌하는 사본 2014-10-25).tlog
c:\dropbox\oil master\oil master\debug\oil master.tlog\cl.read.1 (bitmap games와(과) 충돌하는 사본 2014-10-26).tlog
c:\dropbox\oil master\oil master\debug\oil master.tlog\cl.read.1.tlog
c:\dropbox\oil master\oil master\debug\oil master.tlog\cl.write.1 (a ketchup와(과) 충돌하는 사본 2014-10-24 (1)).tlog
c:\dropbox\oil master\oil master\debug\oil master.tlog\cl.write.1 (a ketchup와(과) 충돌하는 사본 2014-10-24 (2)).tlog
c:\dropbox\oil master\oil master\debug\oil master.tlog\cl.write.1 (a ketchup와(과) 충돌하는 사본 2014-10-24).tlog
c:\dropbox\oil master\oil master\debug\oil master.tlog\cl.write.1 (bitmap games와(과) 충돌하는 사본 2014-10-24 (1)).tlog
c:\dropbox\oil master\oil master\debug\oil master.tlog\cl.write.1 (bitmap games와(과) 충돌하는 사본 2014-10-24 (2)).tlog
c:\dropbox\oil master\oil master\debug\oil master.tlog\cl.write.1 (bitmap games와(과) 충돌하는 사본 2014-10-24).tlog
c:\dropbox\oil master\oil master\debug\oil master.tlog\cl.write.1 (bitmap games와(과) 충돌하는 사본 2014-10-25 (1)).tlog
c:\dropbox\oil master\oil master\debug\oil master.tlog\cl.write.1 (bitmap games와(과) 충돌하는 사본 2014-10-25 (2)).tlog
c:\dropbox\oil master\oil master\debug\oil master.tlog\cl.write.1 (bitmap games와(과) 충돌하는 사본 2014-10-25 (3)).tlog
c:\dropbox\oil master\oil master\debug\oil master.tlog\cl.write.1 (bitmap games와(과) 충돌하는 사본 2014-10-25).tlog
c:\dropbox\oil master\oil master\debug\oil master.tlog\cl.write.1 (bitmap games와(과) 충돌하는 사본 2014-10-26 (1)).tlog
c:\dropbox\oil master\oil master\debug\oil master.tlog\cl.write.1 (bitmap games와(과) 충돌하는 사본 2014-10-26 (2)).tlog
c:\dropbox\oil master\oil master\debug\oil master.tlog\cl.write.1 (bitmap games와(과) 충돌하는 사본 2014-10-26 (3)).tlog
c:\dropbox\oil master\oil master\debug\oil master.tlog\cl.write.1 (bitmap games와(과) 충돌하는 사본 2014-10-26 (4)).tlog
c:\dropbox\oil master\oil master\debug\oil master.tlog\cl.write.1 (bitmap games와(과) 충돌하는 사본 2014-10-26).tlog
c:\dropbox\oil master\oil master\debug\oil master.tlog\cl.write.1.tlog
c:\dropbox\oil master\oil master\debug\oil master.tlog\link.command.1.tlog
c:\dropbox\oil master\oil master\debug\oil master.tlog\link.read.1.tlog
c:\dropbox\oil master\oil master\debug\oil master.tlog\link.write.1.tlog
