c:\dropbox\oil master\oil master\release\vc120.pdb
c:\dropbox\oil master\oil master\release\globalvar.obj
c:\dropbox\oil master\oil master\release\function.obj
c:\dropbox\oil master\oil master\release\extradata.obj
c:\dropbox\oil master\oil master\release\collider.obj
c:\dropbox\oil master\oil master\release\animationmanager.obj
c:\dropbox\oil master\oil master\release\timer.obj
c:\dropbox\oil master\oil master\release\timeline.obj
c:\dropbox\oil master\oil master\release\scene.obj
c:\dropbox\oil master\oil master\release\root.obj
c:\dropbox\oil master\oil master\release\random.obj
c:\dropbox\oil master\oil master\release\label.obj
c:\dropbox\oil master\oil master\release\input.obj
c:\dropbox\oil master\oil master\release\idmanager.obj
c:\dropbox\oil master\oil master\release\bgm.obj
c:\dropbox\oil master\oil master\release\applicationconfig.obj
c:\dropbox\oil master\oil master\release\application.obj
c:\dropbox\oil master\oil master\release\minescene.obj
c:\dropbox\oil master\oil master\release\minerselect.obj
c:\dropbox\oil master\oil master\release\miner.obj
c:\dropbox\oil master\oil master\release\mineentry.obj
c:\dropbox\oil master\oil master\release\minecart.obj
c:\dropbox\oil master\oil master\release\ingameminer.obj
c:\dropbox\oil master\oil master\release\gamescene.obj
c:\dropbox\oil master\oil master\release\gamemoney.obj
c:\dropbox\oil master\oil master\release\fadeout.obj
c:\dropbox\oil master\oil master\release\fadein.obj
c:\dropbox\oil master\oil master\release\endminescene.obj
c:\dropbox\oil master\oil master\release\endgamescene.obj
c:\dropbox\oil master\oil master\release\title.obj
c:\dropbox\oil master\oil master\release\progress.obj
c:\dropbox\oil master\oil master\release\objectform.obj
c:\dropbox\oil master\oil master\release\mainmenu.obj
c:\dropbox\oil master\oil master\release\main.obj
c:\dropbox\oil master\oil master\release\soundengine.obj
c:\dropbox\oil master\oil master\release\se.obj
c:\dropbox\oil master\oil master\release\resourcemanager.obj
c:\dropbox\oil master\oil master\release\object.obj
c:\users\parks\downloads\oil master\oil master\oil master\release\vc140.pdb
c:\users\parks\downloads\oil master\oil master\oil master\release\globalvar.obj
c:\users\parks\downloads\oil master\oil master\oil master\release\extradata.obj
c:\users\parks\downloads\oil master\oil master\oil master\release\random.obj
c:\users\parks\downloads\oil master\oil master\oil master\release\idmanager.obj
c:\users\parks\downloads\oil master\oil master\oil master\release\function.obj
c:\users\parks\downloads\oil master\oil master\oil master\release\input.obj
c:\users\parks\downloads\oil master\oil master\oil master\release\collider.obj
c:\users\parks\downloads\oil master\oil master\oil master\release\animationmanager.obj
c:\users\parks\downloads\oil master\oil master\oil master\release\timer.obj
c:\users\parks\downloads\oil master\oil master\oil master\release\timeline.obj
c:\users\parks\downloads\oil master\oil master\oil master\release\scene.obj
c:\users\parks\downloads\oil master\oil master\oil master\release\root.obj
c:\users\parks\downloads\oil master\oil master\oil master\release\resourcemanager.obj
c:\users\parks\downloads\oil master\oil master\oil master\release\object.obj
c:\users\parks\downloads\oil master\oil master\oil master\release\label.obj
c:\users\parks\downloads\oil master\oil master\oil master\release\bgm.obj
c:\users\parks\downloads\oil master\oil master\oil master\release\applicationconfig.obj
c:\users\parks\downloads\oil master\oil master\oil master\release\application.obj
c:\users\parks\downloads\oil master\oil master\oil master\release\minescene.obj
c:\users\parks\downloads\oil master\oil master\oil master\release\minerselect.obj
c:\users\parks\downloads\oil master\oil master\oil master\release\miner.obj
c:\users\parks\downloads\oil master\oil master\oil master\release\mineentry.obj
c:\users\parks\downloads\oil master\oil master\oil master\release\minecart.obj
c:\users\parks\downloads\oil master\oil master\oil master\release\ingameminer.obj
c:\users\parks\downloads\oil master\oil master\oil master\release\gamescene.obj
c:\users\parks\downloads\oil master\oil master\oil master\release\gamemoney.obj
c:\users\parks\downloads\oil master\oil master\oil master\release\fadeout.obj
c:\users\parks\downloads\oil master\oil master\oil master\release\fadein.obj
c:\users\parks\downloads\oil master\oil master\oil master\release\endminescene.obj
c:\users\parks\downloads\oil master\oil master\oil master\release\endgamescene.obj
c:\users\parks\downloads\oil master\oil master\oil master\release\title.obj
c:\users\parks\downloads\oil master\oil master\oil master\release\progress.obj
c:\users\parks\downloads\oil master\oil master\oil master\release\objectform.obj
c:\users\parks\downloads\oil master\oil master\oil master\release\mainmenu.obj
c:\users\parks\downloads\oil master\oil master\oil master\release\main.obj
c:\users\parks\downloads\oil master\oil master\oil master\release\soundengine.obj
c:\users\parks\downloads\oil master\oil master\oil master\release\se.obj
c:\dropbox\oil master\release\oil master.exe
c:\dropbox\oil master\release\oil master.pdb
c:\users\parks\downloads\oil master\oil master\oil master\release\vc120.pdb
c:\users\parks\downloads\oil master\oil master\oil master\release\oil master.tlog\cl.command.1.tlog
c:\users\parks\downloads\oil master\oil master\oil master\release\oil master.tlog\cl.read.1.tlog
c:\users\parks\downloads\oil master\oil master\oil master\release\oil master.tlog\cl.write.1.tlog
c:\users\parks\downloads\oil master\oil master\oil master\release\oil master.tlog\link.command.1.tlog
c:\users\parks\downloads\oil master\oil master\oil master\release\oil master.tlog\link.read.1.tlog
c:\users\parks\downloads\oil master\oil master\oil master\release\oil master.tlog\link.write.1.tlog
