  vorbisfile.c
..\..\..\lib\vorbisfile.c(259): warning C4244: '함수' : 'ogg_int64_t'에서 'long'(으)로 변환하면서 데이터가 손실될 수 있습니다.
..\..\..\lib\vorbisfile.c(273): warning C4244: '=' : 'ogg_int64_t'에서 'int'(으)로 변환하면서 데이터가 손실될 수 있습니다.
..\..\..\lib\vorbisfile.c(539): warning C4244: 'return' : 'ogg_int64_t'에서 'int'(으)로 변환하면서 데이터가 손실될 수 있습니다.
..\..\..\lib\vorbisfile.c(566): warning C4244: 'return' : 'ogg_int64_t'에서 'int'(으)로 변환하면서 데이터가 손실될 수 있습니다.
..\..\..\lib\vorbisfile.c(570): warning C4244: 'return' : 'ogg_int64_t'에서 'int'(으)로 변환하면서 데이터가 손실될 수 있습니다.
..\..\..\lib\vorbisfile.c(580): warning C4244: 'return' : 'ogg_int64_t'에서 'int'(으)로 변환하면서 데이터가 손실될 수 있습니다.
..\..\..\lib\vorbisfile.c(642): warning C4244: 'return' : 'ogg_int64_t'에서 'int'(으)로 변환하면서 데이터가 손실될 수 있습니다.
..\..\..\lib\vorbisfile.c(875): warning C4244: '함수' : 'ogg_int64_t'에서 'long'(으)로 변환하면서 데이터가 손실될 수 있습니다.
..\..\..\lib\vorbisfile.c(1013): warning C4996: 'fopen': This function or variable may be unsafe. Consider using fopen_s instead. To disable deprecation, use _CRT_SECURE_NO_WARNINGS. See online help for details.
          C:\Program Files (x86)\Microsoft Visual Studio 12.0\VC\include\stdio.h(211) : 'fopen' 선언을 참조하십시오.
..\..\..\lib\vorbisfile.c(1119): warning C4244: '=' : 'double'에서 'float'(으)로 변환하면서 데이터가 손실될 수 있습니다.
..\..\..\lib\vorbisfile.c(1120): warning C4244: 'return' : 'double'에서 'long'(으)로 변환하면서 데이터가 손실될 수 있습니다.
..\..\..\lib\vorbisfile.c(1124): warning C4244: 'return' : 'double'에서 'long'(으)로 변환하면서 데이터가 손실될 수 있습니다.
..\..\..\lib\vorbisfile.c(1152): warning C4244: '=' : 'double'에서 'long'(으)로 변환하면서 데이터가 손실될 수 있습니다.
..\..\..\lib\vorbisfile.c(1680): warning C4244: '=' : 'ogg_int64_t'에서 'long'(으)로 변환하면서 데이터가 손실될 수 있습니다.
..\..\..\lib\vorbisfile.c(1717): warning C4244: '초기화 중' : 'double'에서 'ogg_int64_t'(으)로 변환하면서 데이터가 손실될 수 있습니다.
..\..\..\lib\vorbisfile.c(1747): warning C4244: '초기화 중' : 'double'에서 'ogg_int64_t'(으)로 변환하면서 데이터가 손실될 수 있습니다.
..\..\..\lib\vorbisfile.c(2083): warning C4244: '초기화 중' : 'double'에서 'float'(으)로 변환하면서 데이터가 손실될 수 있습니다.
C:\Program Files (x86)\MSBuild\Microsoft.Cpp\v4.0\V120\Microsoft.CppBuild.targets(1361,5): warning MSB8012: TargetPath(C:\Users\user\Desktop\Dev\libogg\libvorbis-1.3.4\libvorbis-1.3.4\win32\VS2010\Win32\Release\libvorbisfile.lib) does not match the Library's OutputFile property value (C:\Users\user\Desktop\Dev\libogg\libvorbis-1.3.4\libvorbis-1.3.4\win32\VS2010\Win32\Release\libvorbisfile_static.lib). This may cause your project to build incorrectly. To correct this, please make sure that $(OutDir), $(TargetName) and $(TargetExt) property values match the value specified in %(Lib.OutputFile).
C:\Program Files (x86)\MSBuild\Microsoft.Cpp\v4.0\V120\Microsoft.CppBuild.targets(1363,5): warning MSB8012: TargetName(libvorbisfile) does not match the Library's OutputFile property value (libvorbisfile_static). This may cause your project to build incorrectly. To correct this, please make sure that $(OutDir), $(TargetName) and $(TargetExt) property values match the value specified in %(Lib.OutputFile).
  libvorbisfile_static.vcxproj -> C:\Users\user\Desktop\Dev\libogg\libvorbis-1.3.4\libvorbis-1.3.4\win32\VS2010\Win32\Release\libvorbisfile.lib
