  vorbisfile.c
..\..\..\lib\vorbisfile.c(259): warning C4244: '함수' : 'ogg_int64_t'에서 'long'(으)로 변환하면서 데이터가 손실될 수 있습니다.
..\..\..\lib\vorbisfile.c(273): warning C4244: '=' : 'ogg_int64_t'에서 'int'(으)로 변환하면서 데이터가 손실될 수 있습니다.
..\..\..\lib\vorbisfile.c(539): warning C4244: 'return' : 'ogg_int64_t'에서 'int'(으)로 변환하면서 데이터가 손실될 수 있습니다.
..\..\..\lib\vorbisfile.c(566): warning C4244: 'return' : 'ogg_int64_t'에서 'int'(으)로 변환하면서 데이터가 손실될 수 있습니다.
..\..\..\lib\vorbisfile.c(570): warning C4244: 'return' : 'ogg_int64_t'에서 'int'(으)로 변환하면서 데이터가 손실될 수 있습니다.
..\..\..\lib\vorbisfile.c(580): warning C4244: 'return' : 'ogg_int64_t'에서 'int'(으)로 변환하면서 데이터가 손실될 수 있습니다.
..\..\..\lib\vorbisfile.c(642): warning C4244: 'return' : 'ogg_int64_t'에서 'int'(으)로 변환하면서 데이터가 손실될 수 있습니다.
..\..\..\lib\vorbisfile.c(875): warning C4244: '함수' : 'ogg_int64_t'에서 'long'(으)로 변환하면서 데이터가 손실될 수 있습니다.
..\..\..\lib\vorbisfile.c(1013): warning C4996: 'fopen': This function or variable may be unsafe. Consider using fopen_s instead. To disable deprecation, use _CRT_SECURE_NO_WARNINGS. See online help for details.
          C:\Program Files (x86)\Microsoft Visual Studio 12.0\VC\include\stdio.h(211) : 'fopen' 선언을 참조하십시오.
..\..\..\lib\vorbisfile.c(1119): warning C4244: '=' : 'double'에서 'float'(으)로 변환하면서 데이터가 손실될 수 있습니다.
..\..\..\lib\vorbisfile.c(1120): warning C4244: 'return' : 'double'에서 'long'(으)로 변환하면서 데이터가 손실될 수 있습니다.
..\..\..\lib\vorbisfile.c(1124): warning C4244: 'return' : 'double'에서 'long'(으)로 변환하면서 데이터가 손실될 수 있습니다.
..\..\..\lib\vorbisfile.c(1152): warning C4244: '=' : 'double'에서 'long'(으)로 변환하면서 데이터가 손실될 수 있습니다.
..\..\..\lib\vorbisfile.c(1680): warning C4244: '=' : 'ogg_int64_t'에서 'long'(으)로 변환하면서 데이터가 손실될 수 있습니다.
..\..\..\lib\vorbisfile.c(1717): warning C4244: '초기화 중' : 'double'에서 'ogg_int64_t'(으)로 변환하면서 데이터가 손실될 수 있습니다.
..\..\..\lib\vorbisfile.c(1747): warning C4244: '초기화 중' : 'double'에서 'ogg_int64_t'(으)로 변환하면서 데이터가 손실될 수 있습니다.
..\..\..\lib\vorbisfile.c(2083): warning C4244: '초기화 중' : 'double'에서 'float'(으)로 변환하면서 데이터가 손실될 수 있습니다.
  libogg.lib(framing.obj) : /GL로 컴파일한 MSIL .netmodule 또는 모듈이 있습니다. /LTCG를 지정하여 링크를 다시 시작하십시오. /LTCG를 링크 명령줄에 추가하면 링커 성능이 향상됩니다.
     C:\Users\user\Desktop\Dev\libogg\libvorbis-1.3.4\win32\VS2010\Win32\Release\libvorbisfile.lib 라이브러리 및 C:\Users\user\Desktop\Dev\libogg\libvorbis-1.3.4\win32\VS2010\Win32\Release\libvorbisfile.exp 개체를 생성하고 있습니다.
LINK : warning LNK4098: 'LIBCMT' defaultlib가 다른 라이브러리와 충돌합니다. /NODEFAULTLIB:library를 사용하십시오.
  코드를 생성하고 있습니다.
  코드를 생성했습니다.
  libvorbisfile_dynamic.vcxproj -> C:\Users\user\Desktop\Dev\libogg\libvorbis-1.3.4\win32\VS2010\Win32\Release\libvorbisfile.dll
